Using pre-set license
Built from '2020.3/staging' branch; Version is '2020.3.11f1 (99c7afb366b3) revision 10078127'; Using compiler version '192528614'; Build Type 'Release'
OS: 'Windows 10 Pro; OS build 18363.1440; Version 1909; 64bit' Language: 'fr' Physical Memory: 6021 MB
BatchMode: 1, IsHumanControllingUs: 0, StartBugReporterOnCrash: 0, Is64bit: 1, IsPro: 0

 COMMAND LINE ARGUMENTS:
D:\DEV\DevJeux\unity\2020.3.11f1\Editor\Unity.exe
-adb2
-batchMode
-noUpm
-name
AssetImportWorker0
-projectPath
D:/SoPoPoDoJoBo/SOPOPODOJOBO
-logFile
Logs/AssetImportWorker0.log
-srvPort
61723
Successfully changed project path to: D:/SoPoPoDoJoBo/SOPOPODOJOBO
D:/SoPoPoDoJoBo/SOPOPODOJOBO
Using Asset Import Pipeline V2.
Refreshing native plugins compatible for Editor in 30.47 ms, found 2 plugins.
Preloading 0 native plugins for Editor in 0.00 ms.
Initialize engine version: 2020.3.11f1 (99c7afb366b3)
[Subsystems] Discovering subsystems at path D:/DEV/DevJeux/unity/2020.3.11f1/Editor/Data/Resources/UnitySubsystems
[Subsystems] Discovering subsystems at path D:/SoPoPoDoJoBo/SOPOPODOJOBO/Assets
GfxDevice: creating device client; threaded=0
Direct3D:
    Version:  Direct3D 11.0 [level 11.1]
    Renderer: NVIDIA GeForce GTX 1650 (ID=0x1f91)
    Vendor:   
    VRAM:     3962 MB
    Driver:   27.21.14.6089
Initialize mono
Mono path[0] = 'D:/DEV/DevJeux/unity/2020.3.11f1/Editor/Data/Managed'
Mono path[1] = 'D:/DEV/DevJeux/unity/2020.3.11f1/Editor/Data/MonoBleedingEdge/lib/mono/unityjit'
Mono config path = 'D:/DEV/DevJeux/unity/2020.3.11f1/Editor/Data/MonoBleedingEdge/etc'
Using monoOptions --debugger-agent=transport=dt_socket,embedding=1,server=y,suspend=n,address=127.0.0.1:56796
Begin MonoManager ReloadAssembly
Registering precompiled unity dll's ...
Register platform support module: D:/DEV/DevJeux/unity/2020.3.11f1/Editor/Data/PlaybackEngines/WebGLSupport/UnityEditor.WebGL.Extensions.dll
Register platform support module: D:/DEV/DevJeux/unity/2020.3.11f1/Editor/Data/PlaybackEngines/WindowsStandaloneSupport/UnityEditor.WindowsStandalone.Extensions.dll
Registered in 0.001369 seconds.
Native extension for WindowsStandalone target not found
Native extension for WebGL target not found
Refreshing native plugins compatible for Editor in 38.25 ms, found 2 plugins.
Preloading 0 native plugins for Editor in 0.00 ms.
Mono: successfully reloaded assembly
- Completed reload, in  1.162 seconds
Platform modules already initialized, skipping
Registering precompiled user dll's ...
Registered in 0.003475 seconds.
Begin MonoManager ReloadAssembly
Native extension for WindowsStandalone target not found
Native extension for WebGL target not found
Refreshing native plugins compatible for Editor in 0.41 ms, found 2 plugins.
Preloading 0 native plugins for Editor in 0.00 ms.
Mono: successfully reloaded assembly
- Completed reload, in  1.183 seconds
Platform modules already initialized, skipping
========================================================================
Worker process is ready to serve import requests
Launched and connected shader compiler UnityShaderCompiler.exe after 0.09 seconds
Refreshing native plugins compatible for Editor in 0.53 ms, found 2 plugins.
Preloading 0 native plugins for Editor in 0.00 ms.
Unloading 1401 Unused Serialized files (Serialized files now loaded: 0)
System memory in use before: 79.1 MB.
System memory in use after: 79.2 MB.

Unloading 18 unused Assets to reduce memory usage. Loaded Objects now: 1856.
Total: 3.676900 ms (FindLiveObjects: 0.511700 ms CreateObjectMapping: 0.100400 ms MarkObjects: 2.938300 ms  DeleteObjects: 0.124400 ms)

========================================================================
Received Import Request.
  path: Assets/Prefabs/Passerelle.prefab
  artifactKey: Guid(7503d46860689d84b9823f494edfd064) Importer(815301076,1909f56bfc062723c751e8b465ee728b)
Start importing Assets/Prefabs/Passerelle.prefab using Guid(7503d46860689d84b9823f494edfd064) Importer(815301076,1909f56bfc062723c751e8b465ee728b)  -> (artifact id: '1223c57df7870200ad4e03dab1b8ee70') in 0.054209 seconds
  Import took 0.133750 seconds .

========================================================================
Received Import Request.
  Time since last request: 0.000287 seconds.
  path: Assets/Prefabs/Pont.prefab
  artifactKey: Guid(cd48047c40fa25d44b8a8b5173219d1b) Importer(815301076,1909f56bfc062723c751e8b465ee728b)
Start importing Assets/Prefabs/Pont.prefab using Guid(cd48047c40fa25d44b8a8b5173219d1b) Importer(815301076,1909f56bfc062723c751e8b465ee728b)  -> (artifact id: '84cddf6cde9b08aa67c374e1d81b6e18') in 0.004937 seconds
  Import took 0.007892 seconds .

========================================================================
Received Import Request.
  Time since last request: 309.194716 seconds.
  path: Assets/Prefabs/Passerelle.prefab
  artifactKey: Guid(7503d46860689d84b9823f494edfd064) Importer(815301076,1909f56bfc062723c751e8b465ee728b)
Start importing Assets/Prefabs/Passerelle.prefab using Guid(7503d46860689d84b9823f494edfd064) Importer(815301076,1909f56bfc062723c751e8b465ee728b)  -> (artifact id: 'c6232a018e9ab7fbc691a345755303b8') in 0.336077 seconds
  Import took 0.354185 seconds .

========================================================================
Received Import Request.
  Time since last request: 0.000247 seconds.
  path: Assets/Prefabs/Pont.prefab
  artifactKey: Guid(cd48047c40fa25d44b8a8b5173219d1b) Importer(815301076,1909f56bfc062723c751e8b465ee728b)
Start importing Assets/Prefabs/Pont.prefab using Guid(cd48047c40fa25d44b8a8b5173219d1b) Importer(815301076,1909f56bfc062723c751e8b465ee728b)  -> (artifact id: 'fb7f8303f1ca57b528e641abd00fa73d') in 0.031452 seconds
  Import took 0.035111 seconds .

========================================================================
Received Import Request.
  Time since last request: 102.449451 seconds.
  path: Assets/laxer Assets/wood bridge/poly rock cube.fbx
  artifactKey: Guid(1bf04411ea1641842ab47d2f57baabf5) Importer(815301076,1909f56bfc062723c751e8b465ee728b)
Start importing Assets/laxer Assets/wood bridge/poly rock cube.fbx using Guid(1bf04411ea1641842ab47d2f57baabf5) Importer(815301076,1909f56bfc062723c751e8b465ee728b)  -> (artifact id: '10c43104aeed30907efbdc72fc6ddfe7') in 0.272945 seconds
  Import took 0.276264 seconds .

