Using pre-set license
Built from '2020.3/release' branch; Version is '2020.3.7f1 (dd97f2c94397) revision 14522354'; Using compiler version '192528614'; Build Type 'Release'
OS: 'Windows 10 Home; OS build 19041.985; Version 2004; 64bit' Language: 'fr' Physical Memory: 8102 MB
BatchMode: 1, IsHumanControllingUs: 0, StartBugReporterOnCrash: 0, Is64bit: 1, IsPro: 0

 COMMAND LINE ARGUMENTS:
C:\Program Files\Unity\Hub\Editor\2020.3.7f1\Editor\Unity.exe
-adb2
-batchMode
-noUpm
-name
AssetImportWorker0
-projectPath
C:/Users/samso/Documents/GitHub/SOPOPODOJOBO2
-logFile
Logs/AssetImportWorker0.log
-srvPort
54016
Successfully changed project path to: C:/Users/samso/Documents/GitHub/SOPOPODOJOBO2
C:/Users/samso/Documents/GitHub/SOPOPODOJOBO2
Using Asset Import Pipeline V2.
Refreshing native plugins compatible for Editor in 28.52 ms, found 0 plugins.
Preloading 0 native plugins for Editor in 0.00 ms.
Initialize engine version: 2020.3.7f1 (dd97f2c94397)
[Subsystems] Discovering subsystems at path C:/Program Files/Unity/Hub/Editor/2020.3.7f1/Editor/Data/Resources/UnitySubsystems
[Subsystems] Discovering subsystems at path C:/Users/samso/Documents/GitHub/SOPOPODOJOBO2/Assets
GfxDevice: creating device client; threaded=0
Direct3D:
    Version:  Direct3D 11.0 [level 11.0]
    Renderer: NVIDIA GeForce GTX 960M (ID=0x139b)
    Vendor:   
    VRAM:     2010 MB
    Driver:   27.21.14.6627
Initialize mono
Mono path[0] = 'C:/Program Files/Unity/Hub/Editor/2020.3.7f1/Editor/Data/Managed'
Mono path[1] = 'C:/Program Files/Unity/Hub/Editor/2020.3.7f1/Editor/Data/MonoBleedingEdge/lib/mono/unityjit'
Mono config path = 'C:/Program Files/Unity/Hub/Editor/2020.3.7f1/Editor/Data/MonoBleedingEdge/etc'
Using monoOptions --debugger-agent=transport=dt_socket,embedding=1,server=y,suspend=n,address=127.0.0.1:56964
Begin MonoManager ReloadAssembly
Registering precompiled unity dll's ...
Register platform support module: C:/Program Files/Unity/Hub/Editor/2020.3.7f1/Editor/Data/PlaybackEngines/WebGLSupport/UnityEditor.WebGL.Extensions.dll
Register platform support module: C:/Program Files/Unity/Hub/Editor/2020.3.7f1/Editor/Data/PlaybackEngines/MacStandaloneSupport/UnityEditor.OSXStandalone.Extensions.dll
Register platform support module: C:/Program Files/Unity/Hub/Editor/2020.3.7f1/Editor/Data/PlaybackEngines/WindowsStandaloneSupport/UnityEditor.WindowsStandalone.Extensions.dll
Register platform support module: C:/Program Files/Unity/Hub/Editor/2020.3.7f1/Editor/Data/PlaybackEngines/LuminSupport/UnityEditor.Lumin.Extensions.dll
Registered in 0.004118 seconds.
Native extension for Lumin target not found
Native extension for WindowsStandalone target not found
Native extension for OSXStandalone target not found
Native extension for WebGL target not found
Refreshing native plugins compatible for Editor in 27.99 ms, found 0 plugins.
Preloading 0 native plugins for Editor in 0.00 ms.
Mono: successfully reloaded assembly
- Completed reload, in  1.699 seconds
Platform modules already initialized, skipping
Registering precompiled user dll's ...
Registered in 0.000921 seconds.
Begin MonoManager ReloadAssembly
Native extension for Lumin target not found
Native extension for WindowsStandalone target not found
Native extension for OSXStandalone target not found
Native extension for WebGL target not found
Refreshing native plugins compatible for Editor in 0.29 ms, found 0 plugins.
Preloading 0 native plugins for Editor in 0.00 ms.
Mono: successfully reloaded assembly
- Completed reload, in  1.121 seconds
Platform modules already initialized, skipping
========================================================================
Worker process is ready to serve import requests
Launched and connected shader compiler UnityShaderCompiler.exe after 0.06 seconds
Refreshing native plugins compatible for Editor in 0.21 ms, found 0 plugins.
Preloading 0 native plugins for Editor in 0.00 ms.
Unloading 1115 Unused Serialized files (Serialized files now loaded: 0)
System memory in use before: 57.1 MB.
System memory in use after: 57.1 MB.

Unloading 10 unused Assets to reduce memory usage. Loaded Objects now: 1557.
Total: 2.285500 ms (FindLiveObjects: 0.162200 ms CreateObjectMapping: 0.044700 ms MarkObjects: 1.950100 ms  DeleteObjects: 0.127500 ms)

========================================================================
Received Import Request.
  path: Assets
  artifactKey: Guid(00000000000000001000000000000000) Importer(815301076,1909f56bfc062723c751e8b465ee728b)
Start importing Assets using Guid(00000000000000001000000000000000) Importer(815301076,1909f56bfc062723c751e8b465ee728b)  -> (artifact id: '5f6a1853b736837ecfb0820a881449cb') in 0.012238 seconds
  Import took 0.015397 seconds .

========================================================================
Received Import Request.
  Time since last request: 5.199082 seconds.
  path: Assets/Scripts
  artifactKey: Guid(87db6a98e18548f4ebcdf9ae053afdb6) Importer(815301076,1909f56bfc062723c751e8b465ee728b)
Start importing Assets/Scripts using Guid(87db6a98e18548f4ebcdf9ae053afdb6) Importer(815301076,1909f56bfc062723c751e8b465ee728b)  -> (artifact id: '104a7b6a435bf0ae6cbc21a45062ce04') in 0.010436 seconds
  Import took 0.013481 seconds .

========================================================================
Received Import Request.
  Time since last request: 9.926124 seconds.
  path: Assets/Prefabs
  artifactKey: Guid(f16e9dc3cfb2da9488687326d6c327db) Importer(815301076,1909f56bfc062723c751e8b465ee728b)
Start importing Assets/Prefabs using Guid(f16e9dc3cfb2da9488687326d6c327db) Importer(815301076,1909f56bfc062723c751e8b465ee728b)  -> (artifact id: 'a874945a7b7f8b935074dd58f6915073') in 0.010751 seconds
  Import took 0.014476 seconds .

========================================================================
Received Import Request.
  Time since last request: 0.004617 seconds.
  path: Assets/Prefabs
  artifactKey: Guid(f16e9dc3cfb2da9488687326d6c327db) Importer(815301076,1909f56bfc062723c751e8b465ee728b)
Start importing Assets/Prefabs using Guid(f16e9dc3cfb2da9488687326d6c327db) Importer(815301076,1909f56bfc062723c751e8b465ee728b)  -> (artifact id: 'a874945a7b7f8b935074dd58f6915073') in 0.005377 seconds
  Import took 0.008392 seconds .

========================================================================
Received Import Request.
  Time since last request: 11.081695 seconds.
  path: Assets/External Assets
  artifactKey: Guid(3c029ad067a83014d9e05a8c63a35d1a) Importer(815301076,1909f56bfc062723c751e8b465ee728b)
Start importing Assets/External Assets using Guid(3c029ad067a83014d9e05a8c63a35d1a) Importer(815301076,1909f56bfc062723c751e8b465ee728b)  -> (artifact id: 'abcc624523ea990f53b311629ebc6b63') in 0.009929 seconds
  Import took 0.013495 seconds .

========================================================================
Received Import Request.
  Time since last request: 0.002516 seconds.
  path: Assets/External Assets
  artifactKey: Guid(3c029ad067a83014d9e05a8c63a35d1a) Importer(815301076,1909f56bfc062723c751e8b465ee728b)
Start importing Assets/External Assets using Guid(3c029ad067a83014d9e05a8c63a35d1a) Importer(815301076,1909f56bfc062723c751e8b465ee728b)  -> (artifact id: 'abcc624523ea990f53b311629ebc6b63') in 0.004164 seconds
  Import took 0.007254 seconds .

========================================================================
Received Import Request.
  Time since last request: 30.226204 seconds.
  path: Assets/Animation
  artifactKey: Guid(0db31dd798176a548b7bbc5867562d7c) Importer(815301076,1909f56bfc062723c751e8b465ee728b)
Start importing Assets/Animation using Guid(0db31dd798176a548b7bbc5867562d7c) Importer(815301076,1909f56bfc062723c751e8b465ee728b)  -> (artifact id: 'dc41828b039266fdcae4cd788ee5cd9b') in 0.011772 seconds
  Import took 0.014452 seconds .

========================================================================
Received Import Request.
  Time since last request: 11.847211 seconds.
  path: Assets/GameManager.cs
  artifactKey: Guid(16bae308095faef46a3bd7f35cc5337f) Importer(815301076,1909f56bfc062723c751e8b465ee728b)
Start importing Assets/GameManager.cs using Guid(16bae308095faef46a3bd7f35cc5337f) Importer(815301076,1909f56bfc062723c751e8b465ee728b)  -> (artifact id: 'dbb209f883ffdaa3b3bcbf8340af88e3') in 0.068159 seconds
  Import took 0.072150 seconds .

========================================================================
Received Prepare
Registering precompiled user dll's ...
Registered in 0.000792 seconds.
Begin MonoManager ReloadAssembly
Native extension for Lumin target not found
Native extension for WindowsStandalone target not found
Native extension for OSXStandalone target not found
Native extension for WebGL target not found
Refreshing native plugins compatible for Editor in 0.23 ms, found 0 plugins.
Preloading 0 native plugins for Editor in 0.00 ms.
Mono: successfully reloaded assembly
- Completed reload, in  0.977 seconds
Platform modules already initialized, skipping
Refreshing native plugins compatible for Editor in 0.26 ms, found 0 plugins.
Preloading 0 native plugins for Editor in 0.00 ms.
Unloading 1111 Unused Serialized files (Serialized files now loaded: 0)
System memory in use before: 57.1 MB.
System memory in use after: 57.1 MB.

Unloading 5 unused Assets to reduce memory usage. Loaded Objects now: 1561.
Total: 2.577700 ms (FindLiveObjects: 0.183500 ms CreateObjectMapping: 0.085700 ms MarkObjects: 2.174100 ms  DeleteObjects: 0.133000 ms)

========================================================================
Received Import Request.
  Time since last request: 12.802936 seconds.
  path: Assets/SceneManager.cs
  artifactKey: Guid(c839c7e385038114685e22a328553ac8) Importer(815301076,1909f56bfc062723c751e8b465ee728b)
Start importing Assets/SceneManager.cs using Guid(c839c7e385038114685e22a328553ac8) Importer(815301076,1909f56bfc062723c751e8b465ee728b)  -> (artifact id: '083f1411b527899cb9dd8db4b4701395') in 0.013461 seconds
  Import took 0.016386 seconds .

========================================================================
Received Prepare
Registering precompiled user dll's ...
Registered in 0.000840 seconds.
Begin MonoManager ReloadAssembly
Native extension for Lumin target not found
Native extension for WindowsStandalone target not found
Native extension for OSXStandalone target not found
Native extension for WebGL target not found
Refreshing native plugins compatible for Editor in 0.35 ms, found 0 plugins.
Preloading 0 native plugins for Editor in 0.00 ms.
Mono: successfully reloaded assembly
- Completed reload, in  0.969 seconds
Platform modules already initialized, skipping
Refreshing native plugins compatible for Editor in 0.26 ms, found 0 plugins.
Preloading 0 native plugins for Editor in 0.00 ms.
Unloading 1112 Unused Serialized files (Serialized files now loaded: 0)
System memory in use before: 57.1 MB.
System memory in use after: 57.2 MB.

Unloading 5 unused Assets to reduce memory usage. Loaded Objects now: 1565.
Total: 1.956100 ms (FindLiveObjects: 0.161800 ms CreateObjectMapping: 0.037400 ms MarkObjects: 1.654300 ms  DeleteObjects: 0.101700 ms)

========================================================================
Received Import Request.
  Time since last request: 12.894319 seconds.
  path: Assets/GestionBDD.cs
  artifactKey: Guid(ac47177afc12a9b46a9325903335c0b3) Importer(815301076,1909f56bfc062723c751e8b465ee728b)
Start importing Assets/GestionBDD.cs using Guid(ac47177afc12a9b46a9325903335c0b3) Importer(815301076,1909f56bfc062723c751e8b465ee728b)  -> (artifact id: 'c516cc632b4791e4aebd07dae92357f6') in 0.013296 seconds
  Import took 0.017170 seconds .

========================================================================
Received Prepare
Registering precompiled user dll's ...
Registered in 0.000835 seconds.
Begin MonoManager ReloadAssembly
Native extension for Lumin target not found
Native extension for WindowsStandalone target not found
Native extension for OSXStandalone target not found
Native extension for WebGL target not found
Refreshing native plugins compatible for Editor in 0.23 ms, found 0 plugins.
Preloading 0 native plugins for Editor in 0.00 ms.
Mono: successfully reloaded assembly
- Completed reload, in  0.965 seconds
Platform modules already initialized, skipping
Refreshing native plugins compatible for Editor in 0.26 ms, found 0 plugins.
Preloading 0 native plugins for Editor in 0.00 ms.
Unloading 1113 Unused Serialized files (Serialized files now loaded: 0)
System memory in use before: 57.1 MB.
System memory in use after: 57.2 MB.

Unloading 5 unused Assets to reduce memory usage. Loaded Objects now: 1569.
Total: 1.916800 ms (FindLiveObjects: 0.158400 ms CreateObjectMapping: 0.044900 ms MarkObjects: 1.614600 ms  DeleteObjects: 0.097800 ms)

========================================================================
Received Import Request.
  Time since last request: 18.112221 seconds.
  path: Assets/Import Blender
  artifactKey: Guid(53fd4669d9e91fa42af779ef785e10bc) Importer(815301076,1909f56bfc062723c751e8b465ee728b)
Start importing Assets/Import Blender using Guid(53fd4669d9e91fa42af779ef785e10bc) Importer(815301076,1909f56bfc062723c751e8b465ee728b)  -> (artifact id: 'e30a06de066ec80ac032560d6858740e') in 0.012449 seconds
  Import took 0.015651 seconds .

========================================================================
Received Import Request.
  Time since last request: 246.021816 seconds.
  path: Assets/Import Blender/clef.fbx
  artifactKey: Guid(60ccf871b3065aa43a0fe2d2c8408d0d) Importer(815301076,1909f56bfc062723c751e8b465ee728b)
Start importing Assets/Import Blender/clef.fbx using Guid(60ccf871b3065aa43a0fe2d2c8408d0d) Importer(815301076,1909f56bfc062723c751e8b465ee728b)  -> (artifact id: 'debcab886841329bf0eea5b4f6e3bf18') in 0.439583 seconds
  Import took 0.442636 seconds .

========================================================================
Received Import Request.
  Time since last request: 0.000296 seconds.
  path: Assets/Import Blender/personnage.fbx
  artifactKey: Guid(47bf5ef49558b334c9eab6c9e843f3aa) Importer(815301076,1909f56bfc062723c751e8b465ee728b)
Start importing Assets/Import Blender/personnage.fbx using Guid(47bf5ef49558b334c9eab6c9e843f3aa) Importer(815301076,1909f56bfc062723c751e8b465ee728b)  -> (artifact id: '10bdb4402dbb059d7d12dd8b1b43a111') in 0.183912 seconds
  Import took 0.186487 seconds .

========================================================================
Received Import Request.
  Time since last request: 0.000329 seconds.
  path: Assets/Import Blender/Piece_ampoule.fbx
  artifactKey: Guid(54f9d3bcd54ea684887122f90bfd7794) Importer(815301076,1909f56bfc062723c751e8b465ee728b)
Start importing Assets/Import Blender/Piece_ampoule.fbx using Guid(54f9d3bcd54ea684887122f90bfd7794) Importer(815301076,1909f56bfc062723c751e8b465ee728b)  -> (artifact id: '1d0340fe7527bdf5f91a75dab88d3c5b') in 0.369316 seconds
  Import took 0.373293 seconds .

========================================================================
Received Import Request.
  Time since last request: 0.000322 seconds.
  path: Assets/Import Blender/phare.fbx
  artifactKey: Guid(6c2ed5de48f0e6c4b81d9fd0d8ad0521) Importer(815301076,1909f56bfc062723c751e8b465ee728b)
Start importing Assets/Import Blender/phare.fbx using Guid(6c2ed5de48f0e6c4b81d9fd0d8ad0521) Importer(815301076,1909f56bfc062723c751e8b465ee728b)  -> (artifact id: '14fda9b9723faf9c2b6b42bb59806013') in 0.080895 seconds
  Import took 0.083379 seconds .

========================================================================
Received Import Request.
  Time since last request: 368.856039 seconds.
  path: Assets/Import Blender/phare-flip.fbx
  artifactKey: Guid(9ef54cefed60e3e43953f9a3b0ecf23c) Importer(815301076,1909f56bfc062723c751e8b465ee728b)
Start importing Assets/Import Blender/phare-flip.fbx using Guid(9ef54cefed60e3e43953f9a3b0ecf23c) Importer(815301076,1909f56bfc062723c751e8b465ee728b)  -> (artifact id: 'b910be4f050d5f536daad3b66728df73') in 0.134600 seconds
  Import took 0.139209 seconds .

========================================================================
Received Import Request.
  Time since last request: 1092.593643 seconds.
  path: Assets/Import Blender/phare-flip.fbx
  artifactKey: Guid(9ef54cefed60e3e43953f9a3b0ecf23c) Importer(815301076,1909f56bfc062723c751e8b465ee728b)
Start importing Assets/Import Blender/phare-flip.fbx using Guid(9ef54cefed60e3e43953f9a3b0ecf23c) Importer(815301076,1909f56bfc062723c751e8b465ee728b)  -> (artifact id: '1aeffdc461f43c71894ad33ce1335bb9') in 0.126751 seconds
  Import took 0.134395 seconds .

========================================================================
Received Import Request.
  Time since last request: 11.081846 seconds.
  path: Assets/Prefabs/personnage.prefab
  artifactKey: Guid(6c185d16d0a820544a01397492ae8642) Importer(815301076,1909f56bfc062723c751e8b465ee728b)
Start importing Assets/Prefabs/personnage.prefab using Guid(6c185d16d0a820544a01397492ae8642) Importer(815301076,1909f56bfc062723c751e8b465ee728b)  -> (artifact id: '32584c3f38cc2d25249bdf5e57bc8de6') in 0.045018 seconds
  Import took 0.049037 seconds .

========================================================================
Received Import Request.
  Time since last request: 49.576249 seconds.
  path: Assets/Prefabs/phare-flip.prefab
  artifactKey: Guid(b7d29e6441a581a429ee7eb5f1213b40) Importer(815301076,1909f56bfc062723c751e8b465ee728b)
Start importing Assets/Prefabs/phare-flip.prefab using Guid(b7d29e6441a581a429ee7eb5f1213b40) Importer(815301076,1909f56bfc062723c751e8b465ee728b)  -> (artifact id: '07f6eb41df126c02d2cae59f50adaf81') in 0.026627 seconds
  Import took 0.029590 seconds .

========================================================================
Received Import Request.
  Time since last request: 22.439849 seconds.
  path: Assets/Import Blender/Cushion.001.mat
  artifactKey: Guid(55425198e7f81e648a5b12bbdf61278f) Importer(815301076,1909f56bfc062723c751e8b465ee728b)
Start importing Assets/Import Blender/Cushion.001.mat using Guid(55425198e7f81e648a5b12bbdf61278f) Importer(815301076,1909f56bfc062723c751e8b465ee728b)  -> (artifact id: '6edd20dfc93d1b6d1ade70e908c10e15') in 0.041108 seconds
  Import took 0.044626 seconds .

========================================================================
Received Import Request.
  Time since last request: 0.000459 seconds.
  path: Assets/Import Blender/Material.006.mat
  artifactKey: Guid(c4943de5819ef824fa089635a02963ad) Importer(815301076,1909f56bfc062723c751e8b465ee728b)
Start importing Assets/Import Blender/Material.006.mat using Guid(c4943de5819ef824fa089635a02963ad) Importer(815301076,1909f56bfc062723c751e8b465ee728b)  -> (artifact id: '7fa8b14e09f99b296d4123fffea1bb6e') in 0.024759 seconds
  Import took 0.028712 seconds .

========================================================================
Received Import Request.
  Time since last request: 0.000407 seconds.
  path: Assets/Import Blender/Material.010.mat
  artifactKey: Guid(50d3f0dc2a44c644e8e9e1761826eb14) Importer(815301076,1909f56bfc062723c751e8b465ee728b)
Start importing Assets/Import Blender/Material.010.mat using Guid(50d3f0dc2a44c644e8e9e1761826eb14) Importer(815301076,1909f56bfc062723c751e8b465ee728b)  -> (artifact id: '70bdb2a30405e60c0f862f028c339654') in 0.034706 seconds
  Import took 0.038958 seconds .

========================================================================
Received Import Request.
  Time since last request: 0.000484 seconds.
  path: Assets/Import Blender/Material.005.mat
  artifactKey: Guid(985a6ac93ee6c4e4297cde80ff08c1ef) Importer(815301076,1909f56bfc062723c751e8b465ee728b)
Start importing Assets/Import Blender/Material.005.mat using Guid(985a6ac93ee6c4e4297cde80ff08c1ef) Importer(815301076,1909f56bfc062723c751e8b465ee728b)  -> (artifact id: '4bacc64bca140280baa891de88878d4e') in 0.030329 seconds
  Import took 0.035072 seconds .

========================================================================
Received Import Request.
  Time since last request: 0.000480 seconds.
  path: Assets/Import Blender/Material.004.mat
  artifactKey: Guid(9e977c05750ca884194e34922769a601) Importer(815301076,1909f56bfc062723c751e8b465ee728b)
Start importing Assets/Import Blender/Material.004.mat using Guid(9e977c05750ca884194e34922769a601) Importer(815301076,1909f56bfc062723c751e8b465ee728b)  -> (artifact id: 'c4823a068a76a21911b6ed243789038e') in 0.023920 seconds
  Import took 0.029179 seconds .

========================================================================
Received Import Request.
  Time since last request: 0.000313 seconds.
  path: Assets/Import Blender/Material.007.mat
  artifactKey: Guid(ee7a7b740b954524eac1a653d20580cc) Importer(815301076,1909f56bfc062723c751e8b465ee728b)
Start importing Assets/Import Blender/Material.007.mat using Guid(ee7a7b740b954524eac1a653d20580cc) Importer(815301076,1909f56bfc062723c751e8b465ee728b)  -> (artifact id: '93263d035717719a69628c4206856f58') in 0.036771 seconds
  Import took 0.041160 seconds .

========================================================================
Received Import Request.
  Time since last request: 0.000285 seconds.
  path: Assets/Import Blender/WOOD1.mat
  artifactKey: Guid(ab2e9f58b22db2842b58afa512d7ccff) Importer(815301076,1909f56bfc062723c751e8b465ee728b)
Start importing Assets/Import Blender/WOOD1.mat using Guid(ab2e9f58b22db2842b58afa512d7ccff) Importer(815301076,1909f56bfc062723c751e8b465ee728b)  -> (artifact id: '1a4863bdffac9f78f2d80413266e4abc') in 0.028698 seconds
  Import took 0.032301 seconds .

========================================================================
Received Import Request.
  Time since last request: 0.000290 seconds.
  path: Assets/Import Blender/Material.013.mat
  artifactKey: Guid(29efc3aea108a8a4d934e02aa64c1f34) Importer(815301076,1909f56bfc062723c751e8b465ee728b)
Start importing Assets/Import Blender/Material.013.mat using Guid(29efc3aea108a8a4d934e02aa64c1f34) Importer(815301076,1909f56bfc062723c751e8b465ee728b)  -> (artifact id: 'acf40f7ccd8c1b251016f5772863ce1b') in 0.022633 seconds
  Import took 0.026201 seconds .

========================================================================
Received Import Request.
  Time since last request: 0.000345 seconds.
  path: Assets/Import Blender/Material.008.mat
  artifactKey: Guid(09f25eb4b06e4724ab8d1134e31ee57e) Importer(815301076,1909f56bfc062723c751e8b465ee728b)
Start importing Assets/Import Blender/Material.008.mat using Guid(09f25eb4b06e4724ab8d1134e31ee57e) Importer(815301076,1909f56bfc062723c751e8b465ee728b)  -> (artifact id: '39dd1a4f3c994887e6636b6adc057dd6') in 0.028537 seconds
  Import took 0.033450 seconds .

========================================================================
Received Import Request.
  Time since last request: 0.000257 seconds.
  path: Assets/Import Blender/Piece_ampoule.fbx
  artifactKey: Guid(54f9d3bcd54ea684887122f90bfd7794) Importer(815301076,1909f56bfc062723c751e8b465ee728b)
Start importing Assets/Import Blender/Piece_ampoule.fbx using Guid(54f9d3bcd54ea684887122f90bfd7794) Importer(815301076,1909f56bfc062723c751e8b465ee728b)  -> (artifact id: '4d62c9ffab44cede1c00912a157be992') in 0.315566 seconds
  Import took 0.318993 seconds .

========================================================================
Received Import Request.
  Time since last request: 0.000315 seconds.
  path: Assets/Import Blender/Material.003.mat
  artifactKey: Guid(7ff4ad6182bab06449aaa45ed02a0b4c) Importer(815301076,1909f56bfc062723c751e8b465ee728b)
Start importing Assets/Import Blender/Material.003.mat using Guid(7ff4ad6182bab06449aaa45ed02a0b4c) Importer(815301076,1909f56bfc062723c751e8b465ee728b)  -> (artifact id: '862c4808fd1de0e11110671841507cdc') in 0.016770 seconds
  Import took 0.019946 seconds .

========================================================================
Received Import Request.
  Time since last request: 0.000352 seconds.
  path: Assets/Import Blender/PBR - GLASS.mat
  artifactKey: Guid(ea71916da418ea94185456021e5f8813) Importer(815301076,1909f56bfc062723c751e8b465ee728b)
Start importing Assets/Import Blender/PBR - GLASS.mat using Guid(ea71916da418ea94185456021e5f8813) Importer(815301076,1909f56bfc062723c751e8b465ee728b)  -> (artifact id: 'c1a7709b5b308a7f2516f0056a747eb1') in 0.023340 seconds
  Import took 0.026322 seconds .

========================================================================
Received Import Request.
  Time since last request: 0.000318 seconds.
  path: Assets/Import Blender/WOOD3.mat
  artifactKey: Guid(7dcb9f6df58114b47bfbcdfd9e74e137) Importer(815301076,1909f56bfc062723c751e8b465ee728b)
Start importing Assets/Import Blender/WOOD3.mat using Guid(7dcb9f6df58114b47bfbcdfd9e74e137) Importer(815301076,1909f56bfc062723c751e8b465ee728b)  -> (artifact id: 'db6bff242e858651f95285e04df32ebf') in 0.022001 seconds
  Import took 0.025258 seconds .

========================================================================
Received Import Request.
  Time since last request: 0.000362 seconds.
  path: Assets/Import Blender/Material.011.mat
  artifactKey: Guid(ca834459cf2ac9043a86281bc7de50f1) Importer(815301076,1909f56bfc062723c751e8b465ee728b)
Start importing Assets/Import Blender/Material.011.mat using Guid(ca834459cf2ac9043a86281bc7de50f1) Importer(815301076,1909f56bfc062723c751e8b465ee728b)  -> (artifact id: '16c768bd84eef705ab7a21ade5c4d21e') in 0.020649 seconds
  Import took 0.024433 seconds .

========================================================================
Received Import Request.
  Time since last request: 0.000352 seconds.
  path: Assets/Import Blender/Material.009.mat
  artifactKey: Guid(d7995c3c6aa54034da4d079e0df667e0) Importer(815301076,1909f56bfc062723c751e8b465ee728b)
Start importing Assets/Import Blender/Material.009.mat using Guid(d7995c3c6aa54034da4d079e0df667e0) Importer(815301076,1909f56bfc062723c751e8b465ee728b)  -> (artifact id: '875ba1569e8cc430e9002349549235c0') in 0.027706 seconds
  Import took 0.032055 seconds .

========================================================================
Received Import Request.
  Time since last request: 0.000345 seconds.
  path: Assets/Import Blender/WOOD4.mat
  artifactKey: Guid(4d38f3abc454a9e438fb506553d5e58e) Importer(815301076,1909f56bfc062723c751e8b465ee728b)
Start importing Assets/Import Blender/WOOD4.mat using Guid(4d38f3abc454a9e438fb506553d5e58e) Importer(815301076,1909f56bfc062723c751e8b465ee728b)  -> (artifact id: '9b28f3b065127042109d506eeb0fbef5') in 0.021666 seconds
  Import took 0.025688 seconds .

========================================================================
Received Import Request.
  Time since last request: 0.000481 seconds.
  path: Assets/Import Blender/Gold.001.mat
  artifactKey: Guid(fec05e7a7fcce7d4bb84d4d2803b88bc) Importer(815301076,1909f56bfc062723c751e8b465ee728b)
Start importing Assets/Import Blender/Gold.001.mat using Guid(fec05e7a7fcce7d4bb84d4d2803b88bc) Importer(815301076,1909f56bfc062723c751e8b465ee728b)  -> (artifact id: '920801037f90e2827b1577f4d07e9d3e') in 0.017916 seconds
  Import took 0.021793 seconds .

========================================================================
Received Import Request.
  Time since last request: 0.000390 seconds.
  path: Assets/Import Blender/Material.012.mat
  artifactKey: Guid(abd07263120fd774aa5492751917083e) Importer(815301076,1909f56bfc062723c751e8b465ee728b)
Start importing Assets/Import Blender/Material.012.mat using Guid(abd07263120fd774aa5492751917083e) Importer(815301076,1909f56bfc062723c751e8b465ee728b)  -> (artifact id: 'f23639bee7e22b39c92f20c8c70dce88') in 0.017835 seconds
  Import took 0.022469 seconds .

========================================================================
Received Import Request.
  Time since last request: 82.590502 seconds.
  path: Assets/Import Blender/clef.fbx
  artifactKey: Guid(60ccf871b3065aa43a0fe2d2c8408d0d) Importer(815301076,1909f56bfc062723c751e8b465ee728b)
Start importing Assets/Import Blender/clef.fbx using Guid(60ccf871b3065aa43a0fe2d2c8408d0d) Importer(815301076,1909f56bfc062723c751e8b465ee728b)  -> (artifact id: '7553afc8ec6aa622da87e6dd435b9b80') in 0.024495 seconds
  Import took 0.027413 seconds .

AssetImportWorkerClient::OnTransportError - code=2 error=End of file
